<?xml version="1.0" encoding="UTF-8"?>
<testng-results skipped="0" failed="0" total="1" passed="1">
  <reporter-output>
  </reporter-output>
  <suite name="Basic_prog.TestingSelenium" duration-ms="34671" started-at="2017-08-02T06:18:07Z" finished-at="2017-08-02T06:18:41Z">
    <groups>
    </groups>
    <test name="Command line test" duration-ms="34671" started-at="2017-08-02T06:18:07Z" finished-at="2017-08-02T06:18:41Z">
      <class name="Basic_prog.TestingSelenium">
        <test-method status="PASS" signature="add()[pri:0, instance:Basic_prog.TestingSelenium@7a0ac6e3]" name="add" duration-ms="34625" started-at="2017-08-02T16:18:07Z" finished-at="2017-08-02T16:18:41Z">
          <reporter-output>
          </reporter-output>
        </test-method> <!-- add -->
      </class> <!-- Basic_prog.TestingSelenium -->
    </test> <!-- Command line test -->
  </suite> <!-- Basic_prog.TestingSelenium -->
</testng-results>
