<?xml version="1.0" encoding="UTF-8"?>
<testng-results skipped="0" failed="0" total="1" passed="1">
  <reporter-output>
  </reporter-output>
  <suite name="Default suite" duration-ms="38771" started-at="2017-08-02T06:12:22Z" finished-at="2017-08-02T06:13:01Z">
    <groups>
    </groups>
    <test name="Default test" duration-ms="38771" started-at="2017-08-02T06:12:22Z" finished-at="2017-08-02T06:13:01Z">
      <class name="Basic_prog.TestingSelenium">
        <test-method status="PASS" signature="add()[pri:0, instance:Basic_prog.TestingSelenium@5d5eef3d]" name="add" duration-ms="38748" started-at="2017-08-02T16:12:23Z" finished-at="2017-08-02T16:13:01Z">
          <reporter-output>
          </reporter-output>
        </test-method> <!-- add -->
      </class> <!-- Basic_prog.TestingSelenium -->
    </test> <!-- Default test -->
  </suite> <!-- Default suite -->
</testng-results>
